<?xml version="1.0" encoding="UTF-8"?>
<!-- Generated by org.testng.reporters.JUnitReportReporter -->
<testsuite hostname="gk" failures="0" tests="1" name="testCases.RegisterTest" time="14.114" errors="0" timestamp="2025-03-18T09:05:02 IST" skipped="0">
  <testcase classname="testCases.RegisterTest" name="messageTest" time="14.114"/>
</testsuite> <!-- testCases.RegisterTest -->
