<?xml version="1.0" encoding="UTF-8"?>
<!-- Generated by org.testng.reporters.JUnitReportReporter -->
<testsuite hostname="gk" failures="0" tests="4" name="testCases.LoginTestDDT" time="21.692" errors="0" timestamp="2025-02-14T22:56:55 IST" skipped="0">
  <testcase classname="testCases.LoginTestDDT" name="verify_loginDDT" time="10.262"/>
  <testcase classname="testCases.LoginTestDDT" name="verify_loginDDT" time="0.660"/>
  <testcase classname="testCases.LoginTestDDT" name="verify_loginDDT" time="10.245"/>
  <testcase classname="testCases.LoginTestDDT" name="verify_loginDDT" time="0.525"/>
</testsuite> <!-- testCases.LoginTestDDT -->
