<?xml version="1.0" encoding="UTF-8"?>
<!-- Generated by org.testng.reporters.JUnitReportReporter -->
<testsuite hostname="gk" failures="0" tests="4" name="testCases.LoginTestDDT" time="22.825" errors="0" timestamp="2025-02-15T17:36:19 IST" skipped="0">
  <testcase classname="testCases.LoginTestDDT" name="verify_loginDDT" time="10.405"/>
  <testcase classname="testCases.LoginTestDDT" name="verify_loginDDT" time="10.387"/>
  <testcase classname="testCases.LoginTestDDT" name="verify_loginDDT" time="0.839"/>
  <testcase classname="testCases.LoginTestDDT" name="verify_loginDDT" time="1.194"/>
</testsuite> <!-- testCases.LoginTestDDT -->
