<?xml version="1.0" encoding="UTF-8"?>
<!-- Generated by org.testng.reporters.JUnitReportReporter -->
<testsuite hostname="gk" failures="0" tests="4" name="testCases.LoginTestDDT" time="22.890" errors="0" timestamp="2025-02-12T20:09:19 IST" skipped="0">
  <testcase classname="testCases.LoginTestDDT" name="verify_loginDDT" time="10.471"/>
  <testcase classname="testCases.LoginTestDDT" name="verify_loginDDT" time="1.133"/>
  <testcase classname="testCases.LoginTestDDT" name="verify_loginDDT" time="0.880"/>
  <testcase classname="testCases.LoginTestDDT" name="verify_loginDDT" time="10.406"/>
</testsuite> <!-- testCases.LoginTestDDT -->
