<?xml version="1.0" encoding="UTF-8"?>
<!-- Generated by org.testng.reporters.JUnitReportReporter -->
<testsuite hostname="gk" failures="0" tests="1" name="testCases.EndToEndTestCase" time="5.201" errors="0" timestamp="2025-02-15T19:05:53 IST" skipped="0">
  <testcase classname="testCases.EndToEndTestCase" name="verifyE2EFuncionality" time="5.201"/>
</testsuite> <!-- testCases.EndToEndTestCase -->
