<?xml version="1.0" encoding="UTF-8"?>
<testsuite xmlns:xsi="http://www.w3.org/2001/XMLSchema-instance" xsi:noNamespaceSchemaLocation="https://maven.apache.org/surefire/maven-surefire-plugin/xsd/surefire-test-report-3.0.xsd" version="3.0" name="testCases.EndToEndTestCase" time="0.693" tests="3" errors="0" skipped="2" failures="1">
  <properties>
    <property name="java.specification.version" value="21"/>
    <property name="sun.cpu.isalist" value="amd64"/>
    <property name="sun.jnu.encoding" value="Cp1252"/>
    <property name="java.class.path" value="C:\Users\gopik\OneDrive\Documents\Test-TodoApp\TodoApp\target\test-classes;C:\Users\gopik\OneDrive\Documents\Test-TodoApp\TodoApp\target\classes;C:\Users\gopik\.m2\repository\org\seleniumhq\selenium\selenium-java\4.28.1\selenium-java-4.28.1.jar;C:\Users\gopik\.m2\repository\org\seleniumhq\selenium\selenium-api\4.28.1\selenium-api-4.28.1.jar;C:\Users\gopik\.m2\repository\org\jspecify\jspecify\1.0.0\jspecify-1.0.0.jar;C:\Users\gopik\.m2\repository\org\seleniumhq\selenium\selenium-chrome-driver\4.28.1\selenium-chrome-driver-4.28.1.jar;C:\Users\gopik\.m2\repository\com\google\auto\service\auto-service-annotations\1.1.1\auto-service-annotations-1.1.1.jar;C:\Users\gopik\.m2\repository\org\seleniumhq\selenium\selenium-chromium-driver\4.28.1\selenium-chromium-driver-4.28.1.jar;C:\Users\gopik\.m2\repository\org\seleniumhq\selenium\selenium-json\4.28.1\selenium-json-4.28.1.jar;C:\Users\gopik\.m2\repository\org\seleniumhq\selenium\selenium-manager\4.28.1\selenium-manager-4.28.1.jar;C:\Users\gopik\.m2\repository\org\seleniumhq\selenium\selenium-devtools-v130\4.28.1\selenium-devtools-v130-4.28.1.jar;C:\Users\gopik\.m2\repository\org\seleniumhq\selenium\selenium-devtools-v131\4.28.1\selenium-devtools-v131-4.28.1.jar;C:\Users\gopik\.m2\repository\org\seleniumhq\selenium\selenium-devtools-v132\4.28.1\selenium-devtools-v132-4.28.1.jar;C:\Users\gopik\.m2\repository\org\seleniumhq\selenium\selenium-devtools-v85\4.28.1\selenium-devtools-v85-4.28.1.jar;C:\Users\gopik\.m2\repository\org\seleniumhq\selenium\selenium-edge-driver\4.28.1\selenium-edge-driver-4.28.1.jar;C:\Users\gopik\.m2\repository\org\seleniumhq\selenium\selenium-firefox-driver\4.28.1\selenium-firefox-driver-4.28.1.jar;C:\Users\gopik\.m2\repository\org\seleniumhq\selenium\selenium-http\4.28.1\selenium-http-4.28.1.jar;C:\Users\gopik\.m2\repository\org\seleniumhq\selenium\selenium-ie-driver\4.28.1\selenium-ie-driver-4.28.1.jar;C:\Users\gopik\.m2\repository\org\seleniumhq\selenium\selenium-remote-driver\4.28.1\selenium-remote-driver-4.28.1.jar;C:\Users\gopik\.m2\repository\com\google\guava\guava\33.4.0-jre\guava-33.4.0-jre.jar;C:\Users\gopik\.m2\repository\com\google\guava\failureaccess\1.0.2\failureaccess-1.0.2.jar;C:\Users\gopik\.m2\repository\com\google\guava\listenablefuture\9999.0-empty-to-avoid-conflict-with-guava\listenablefuture-9999.0-empty-to-avoid-conflict-with-guava.jar;C:\Users\gopik\.m2\repository\com\google\code\findbugs\jsr305\3.0.2\jsr305-3.0.2.jar;C:\Users\gopik\.m2\repository\org\checkerframework\checker-qual\3.43.0\checker-qual-3.43.0.jar;C:\Users\gopik\.m2\repository\com\google\errorprone\error_prone_annotations\2.36.0\error_prone_annotations-2.36.0.jar;C:\Users\gopik\.m2\repository\com\google\j2objc\j2objc-annotations\3.0.0\j2objc-annotations-3.0.0.jar;C:\Users\gopik\.m2\repository\io\opentelemetry\semconv\opentelemetry-semconv\1.28.0-alpha\opentelemetry-semconv-1.28.0-alpha.jar;C:\Users\gopik\.m2\repository\io\opentelemetry\opentelemetry-api\1.46.0\opentelemetry-api-1.46.0.jar;C:\Users\gopik\.m2\repository\io\opentelemetry\opentelemetry-context\1.46.0\opentelemetry-context-1.46.0.jar;C:\Users\gopik\.m2\repository\io\opentelemetry\opentelemetry-exporter-logging\1.46.0\opentelemetry-exporter-logging-1.46.0.jar;C:\Users\gopik\.m2\repository\io\opentelemetry\opentelemetry-sdk-common\1.46.0\opentelemetry-sdk-common-1.46.0.jar;C:\Users\gopik\.m2\repository\io\opentelemetry\opentelemetry-sdk-extension-autoconfigure-spi\1.46.0\opentelemetry-sdk-extension-autoconfigure-spi-1.46.0.jar;C:\Users\gopik\.m2\repository\io\opentelemetry\opentelemetry-sdk-extension-autoconfigure\1.46.0\opentelemetry-sdk-extension-autoconfigure-1.46.0.jar;C:\Users\gopik\.m2\repository\io\opentelemetry\opentelemetry-api-incubator\1.46.0-alpha\opentelemetry-api-incubator-1.46.0-alpha.jar;C:\Users\gopik\.m2\repository\io\opentelemetry\opentelemetry-sdk-trace\1.46.0\opentelemetry-sdk-trace-1.46.0.jar;C:\Users\gopik\.m2\repository\io\opentelemetry\opentelemetry-sdk\1.46.0\opentelemetry-sdk-1.46.0.jar;C:\Users\gopik\.m2\repository\io\opentelemetry\opentelemetry-sdk-metrics\1.46.0\opentelemetry-sdk-metrics-1.46.0.jar;C:\Users\gopik\.m2\repository\io\opentelemetry\opentelemetry-sdk-logs\1.46.0\opentelemetry-sdk-logs-1.46.0.jar;C:\Users\gopik\.m2\repository\net\bytebuddy\byte-buddy\1.15.11\byte-buddy-1.15.11.jar;C:\Users\gopik\.m2\repository\org\seleniumhq\selenium\selenium-os\4.28.1\selenium-os-4.28.1.jar;C:\Users\gopik\.m2\repository\org\apache\commons\commons-exec\1.4.0\commons-exec-1.4.0.jar;C:\Users\gopik\.m2\repository\org\seleniumhq\selenium\selenium-safari-driver\4.28.1\selenium-safari-driver-4.28.1.jar;C:\Users\gopik\.m2\repository\org\seleniumhq\selenium\selenium-support\4.28.1\selenium-support-4.28.1.jar;C:\Users\gopik\.m2\repository\org\testng\testng\7.10.2\testng-7.10.2.jar;C:\Users\gopik\.m2\repository\org\slf4j\slf4j-api\1.7.36\slf4j-api-1.7.36.jar;C:\Users\gopik\.m2\repository\com\beust\jcommander\1.82\jcommander-1.82.jar;C:\Users\gopik\.m2\repository\org\webjars\jquery\3.7.1\jquery-3.7.1.jar;C:\Users\gopik\.m2\repository\org\apache\commons\commons-lang3\3.17.0\commons-lang3-3.17.0.jar;C:\Users\gopik\.m2\repository\org\apache\poi\poi\5.4.0\poi-5.4.0.jar;C:\Users\gopik\.m2\repository\commons-codec\commons-codec\1.17.1\commons-codec-1.17.1.jar;C:\Users\gopik\.m2\repository\org\apache\commons\commons-collections4\4.4\commons-collections4-4.4.jar;C:\Users\gopik\.m2\repository\org\apache\commons\commons-math3\3.6.1\commons-math3-3.6.1.jar;C:\Users\gopik\.m2\repository\commons-io\commons-io\2.18.0\commons-io-2.18.0.jar;C:\Users\gopik\.m2\repository\com\zaxxer\SparseBitSet\1.3\SparseBitSet-1.3.jar;C:\Users\gopik\.m2\repository\org\apache\logging\log4j\log4j-core\2.24.3\log4j-core-2.24.3.jar;C:\Users\gopik\.m2\repository\org\apache\logging\log4j\log4j-api\2.24.3\log4j-api-2.24.3.jar;C:\Users\gopik\.m2\repository\org\apache\poi\poi-ooxml\5.4.0\poi-ooxml-5.4.0.jar;C:\Users\gopik\.m2\repository\org\apache\poi\poi-ooxml-lite\5.4.0\poi-ooxml-lite-5.4.0.jar;C:\Users\gopik\.m2\repository\org\apache\xmlbeans\xmlbeans\5.3.0\xmlbeans-5.3.0.jar;C:\Users\gopik\.m2\repository\org\apache\commons\commons-compress\1.27.1\commons-compress-1.27.1.jar;C:\Users\gopik\.m2\repository\com\github\virtuald\curvesapi\1.08\curvesapi-1.08.jar;C:\Users\gopik\.m2\repository\com\aventstack\extentreports\5.1.1\extentreports-5.1.1.jar;C:\Users\gopik\.m2\repository\io\reactivex\rxjava3\rxjava\3.1.6\rxjava-3.1.6.jar;C:\Users\gopik\.m2\repository\org\reactivestreams\reactive-streams\1.0.4\reactive-streams-1.0.4.jar;C:\Users\gopik\.m2\repository\org\freemarker\freemarker\2.3.32\freemarker-2.3.32.jar;C:\Users\gopik\.m2\repository\org\projectlombok\lombok\1.18.26\lombok-1.18.26.jar;C:\Users\gopik\.m2\repository\com\google\code\gson\gson\2.10.1\gson-2.10.1.jar;"/>
    <property name="java.vm.vendor" value="Oracle Corporation"/>
    <property name="sun.arch.data.model" value="64"/>
    <property name="user.variant" value=""/>
    <property name="java.vendor.url" value="https://java.oracle.com/"/>
    <property name="user.timezone" value="Asia/Calcutta"/>
    <property name="os.name" value="Windows 11"/>
    <property name="java.vm.specification.version" value="21"/>
    <property name="sun.java.launcher" value="SUN_STANDARD"/>
    <property name="user.country" value="IN"/>
    <property name="sun.boot.library.path" value="C:\Program Files\Java\jdk-21\bin"/>
    <property name="sun.java.command" value="C:\Users\gopik\AppData\Local\Temp\surefire8420096294240703433\surefirebooter-20250216173420318_3.jar C:\Users\gopik\AppData\Local\Temp\surefire8420096294240703433 2025-02-16T17-34-18_152-jvmRun1 surefire-20250216173420318_1tmp surefire_0-20250216173420318_2tmp"/>
    <property name="jdk.debug" value="release"/>
    <property name="surefire.test.class.path" value="C:\Users\gopik\OneDrive\Documents\Test-TodoApp\TodoApp\target\test-classes;C:\Users\gopik\OneDrive\Documents\Test-TodoApp\TodoApp\target\classes;C:\Users\gopik\.m2\repository\org\seleniumhq\selenium\selenium-java\4.28.1\selenium-java-4.28.1.jar;C:\Users\gopik\.m2\repository\org\seleniumhq\selenium\selenium-api\4.28.1\selenium-api-4.28.1.jar;C:\Users\gopik\.m2\repository\org\jspecify\jspecify\1.0.0\jspecify-1.0.0.jar;C:\Users\gopik\.m2\repository\org\seleniumhq\selenium\selenium-chrome-driver\4.28.1\selenium-chrome-driver-4.28.1.jar;C:\Users\gopik\.m2\repository\com\google\auto\service\auto-service-annotations\1.1.1\auto-service-annotations-1.1.1.jar;C:\Users\gopik\.m2\repository\org\seleniumhq\selenium\selenium-chromium-driver\4.28.1\selenium-chromium-driver-4.28.1.jar;C:\Users\gopik\.m2\repository\org\seleniumhq\selenium\selenium-json\4.28.1\selenium-json-4.28.1.jar;C:\Users\gopik\.m2\repository\org\seleniumhq\selenium\selenium-manager\4.28.1\selenium-manager-4.28.1.jar;C:\Users\gopik\.m2\repository\org\seleniumhq\selenium\selenium-devtools-v130\4.28.1\selenium-devtools-v130-4.28.1.jar;C:\Users\gopik\.m2\repository\org\seleniumhq\selenium\selenium-devtools-v131\4.28.1\selenium-devtools-v131-4.28.1.jar;C:\Users\gopik\.m2\repository\org\seleniumhq\selenium\selenium-devtools-v132\4.28.1\selenium-devtools-v132-4.28.1.jar;C:\Users\gopik\.m2\repository\org\seleniumhq\selenium\selenium-devtools-v85\4.28.1\selenium-devtools-v85-4.28.1.jar;C:\Users\gopik\.m2\repository\org\seleniumhq\selenium\selenium-edge-driver\4.28.1\selenium-edge-driver-4.28.1.jar;C:\Users\gopik\.m2\repository\org\seleniumhq\selenium\selenium-firefox-driver\4.28.1\selenium-firefox-driver-4.28.1.jar;C:\Users\gopik\.m2\repository\org\seleniumhq\selenium\selenium-http\4.28.1\selenium-http-4.28.1.jar;C:\Users\gopik\.m2\repository\org\seleniumhq\selenium\selenium-ie-driver\4.28.1\selenium-ie-driver-4.28.1.jar;C:\Users\gopik\.m2\repository\org\seleniumhq\selenium\selenium-remote-driver\4.28.1\selenium-remote-driver-4.28.1.jar;C:\Users\gopik\.m2\repository\com\google\guava\guava\33.4.0-jre\guava-33.4.0-jre.jar;C:\Users\gopik\.m2\repository\com\google\guava\failureaccess\1.0.2\failureaccess-1.0.2.jar;C:\Users\gopik\.m2\repository\com\google\guava\listenablefuture\9999.0-empty-to-avoid-conflict-with-guava\listenablefuture-9999.0-empty-to-avoid-conflict-with-guava.jar;C:\Users\gopik\.m2\repository\com\google\code\findbugs\jsr305\3.0.2\jsr305-3.0.2.jar;C:\Users\gopik\.m2\repository\org\checkerframework\checker-qual\3.43.0\checker-qual-3.43.0.jar;C:\Users\gopik\.m2\repository\com\google\errorprone\error_prone_annotations\2.36.0\error_prone_annotations-2.36.0.jar;C:\Users\gopik\.m2\repository\com\google\j2objc\j2objc-annotations\3.0.0\j2objc-annotations-3.0.0.jar;C:\Users\gopik\.m2\repository\io\opentelemetry\semconv\opentelemetry-semconv\1.28.0-alpha\opentelemetry-semconv-1.28.0-alpha.jar;C:\Users\gopik\.m2\repository\io\opentelemetry\opentelemetry-api\1.46.0\opentelemetry-api-1.46.0.jar;C:\Users\gopik\.m2\repository\io\opentelemetry\opentelemetry-context\1.46.0\opentelemetry-context-1.46.0.jar;C:\Users\gopik\.m2\repository\io\opentelemetry\opentelemetry-exporter-logging\1.46.0\opentelemetry-exporter-logging-1.46.0.jar;C:\Users\gopik\.m2\repository\io\opentelemetry\opentelemetry-sdk-common\1.46.0\opentelemetry-sdk-common-1.46.0.jar;C:\Users\gopik\.m2\repository\io\opentelemetry\opentelemetry-sdk-extension-autoconfigure-spi\1.46.0\opentelemetry-sdk-extension-autoconfigure-spi-1.46.0.jar;C:\Users\gopik\.m2\repository\io\opentelemetry\opentelemetry-sdk-extension-autoconfigure\1.46.0\opentelemetry-sdk-extension-autoconfigure-1.46.0.jar;C:\Users\gopik\.m2\repository\io\opentelemetry\opentelemetry-api-incubator\1.46.0-alpha\opentelemetry-api-incubator-1.46.0-alpha.jar;C:\Users\gopik\.m2\repository\io\opentelemetry\opentelemetry-sdk-trace\1.46.0\opentelemetry-sdk-trace-1.46.0.jar;C:\Users\gopik\.m2\repository\io\opentelemetry\opentelemetry-sdk\1.46.0\opentelemetry-sdk-1.46.0.jar;C:\Users\gopik\.m2\repository\io\opentelemetry\opentelemetry-sdk-metrics\1.46.0\opentelemetry-sdk-metrics-1.46.0.jar;C:\Users\gopik\.m2\repository\io\opentelemetry\opentelemetry-sdk-logs\1.46.0\opentelemetry-sdk-logs-1.46.0.jar;C:\Users\gopik\.m2\repository\net\bytebuddy\byte-buddy\1.15.11\byte-buddy-1.15.11.jar;C:\Users\gopik\.m2\repository\org\seleniumhq\selenium\selenium-os\4.28.1\selenium-os-4.28.1.jar;C:\Users\gopik\.m2\repository\org\apache\commons\commons-exec\1.4.0\commons-exec-1.4.0.jar;C:\Users\gopik\.m2\repository\org\seleniumhq\selenium\selenium-safari-driver\4.28.1\selenium-safari-driver-4.28.1.jar;C:\Users\gopik\.m2\repository\org\seleniumhq\selenium\selenium-support\4.28.1\selenium-support-4.28.1.jar;C:\Users\gopik\.m2\repository\org\testng\testng\7.10.2\testng-7.10.2.jar;C:\Users\gopik\.m2\repository\org\slf4j\slf4j-api\1.7.36\slf4j-api-1.7.36.jar;C:\Users\gopik\.m2\repository\com\beust\jcommander\1.82\jcommander-1.82.jar;C:\Users\gopik\.m2\repository\org\webjars\jquery\3.7.1\jquery-3.7.1.jar;C:\Users\gopik\.m2\repository\org\apache\commons\commons-lang3\3.17.0\commons-lang3-3.17.0.jar;C:\Users\gopik\.m2\repository\org\apache\poi\poi\5.4.0\poi-5.4.0.jar;C:\Users\gopik\.m2\repository\commons-codec\commons-codec\1.17.1\commons-codec-1.17.1.jar;C:\Users\gopik\.m2\repository\org\apache\commons\commons-collections4\4.4\commons-collections4-4.4.jar;C:\Users\gopik\.m2\repository\org\apache\commons\commons-math3\3.6.1\commons-math3-3.6.1.jar;C:\Users\gopik\.m2\repository\commons-io\commons-io\2.18.0\commons-io-2.18.0.jar;C:\Users\gopik\.m2\repository\com\zaxxer\SparseBitSet\1.3\SparseBitSet-1.3.jar;C:\Users\gopik\.m2\repository\org\apache\logging\log4j\log4j-core\2.24.3\log4j-core-2.24.3.jar;C:\Users\gopik\.m2\repository\org\apache\logging\log4j\log4j-api\2.24.3\log4j-api-2.24.3.jar;C:\Users\gopik\.m2\repository\org\apache\poi\poi-ooxml\5.4.0\poi-ooxml-5.4.0.jar;C:\Users\gopik\.m2\repository\org\apache\poi\poi-ooxml-lite\5.4.0\poi-ooxml-lite-5.4.0.jar;C:\Users\gopik\.m2\repository\org\apache\xmlbeans\xmlbeans\5.3.0\xmlbeans-5.3.0.jar;C:\Users\gopik\.m2\repository\org\apache\commons\commons-compress\1.27.1\commons-compress-1.27.1.jar;C:\Users\gopik\.m2\repository\com\github\virtuald\curvesapi\1.08\curvesapi-1.08.jar;C:\Users\gopik\.m2\repository\com\aventstack\extentreports\5.1.1\extentreports-5.1.1.jar;C:\Users\gopik\.m2\repository\io\reactivex\rxjava3\rxjava\3.1.6\rxjava-3.1.6.jar;C:\Users\gopik\.m2\repository\org\reactivestreams\reactive-streams\1.0.4\reactive-streams-1.0.4.jar;C:\Users\gopik\.m2\repository\org\freemarker\freemarker\2.3.32\freemarker-2.3.32.jar;C:\Users\gopik\.m2\repository\org\projectlombok\lombok\1.18.26\lombok-1.18.26.jar;C:\Users\gopik\.m2\repository\com\google\code\gson\gson\2.10.1\gson-2.10.1.jar;"/>
    <property name="sun.cpu.endian" value="little"/>
    <property name="user.home" value="C:\Users\gopik"/>
    <property name="user.language" value="en"/>
    <property name="java.specification.vendor" value="Oracle Corporation"/>
    <property name="java.version.date" value="2023-09-19"/>
    <property name="java.home" value="C:\Program Files\Java\jdk-21"/>
    <property name="file.separator" value="\"/>
    <property name="basedir" value="C:\Users\gopik\OneDrive\Documents\Test-TodoApp\TodoApp"/>
    <property name="java.vm.compressedOopsMode" value="Zero based"/>
    <property name="line.separator" value="&#10;"/>
    <property name="java.vm.specification.vendor" value="Oracle Corporation"/>
    <property name="java.specification.name" value="Java Platform API Specification"/>
    <property name="surefire.real.class.path" value="C:\Users\gopik\AppData\Local\Temp\surefire8420096294240703433\surefirebooter-20250216173420318_3.jar"/>
    <property name="user.script" value=""/>
    <property name="sun.management.compiler" value="HotSpot 64-Bit Tiered Compilers"/>
    <property name="java.runtime.version" value="21+35-LTS-2513"/>
    <property name="user.name" value="gopik"/>
    <property name="stdout.encoding" value="Cp1252"/>
    <property name="path.separator" value=";"/>
    <property name="os.version" value="10.0"/>
    <property name="java.runtime.name" value="Java(TM) SE Runtime Environment"/>
    <property name="file.encoding" value="UTF-8"/>
    <property name="java.vm.name" value="Java HotSpot(TM) 64-Bit Server VM"/>
    <property name="localRepository" value="C:\Users\gopik\.m2\repository"/>
    <property name="java.vendor.url.bug" value="https://bugreport.java.com/bugreport/"/>
    <property name="java.io.tmpdir" value="C:\Users\gopik\AppData\Local\Temp\"/>
    <property name="java.version" value="21"/>
    <property name="user.dir" value="C:\Users\gopik\OneDrive\Documents\Test-TodoApp\TodoApp"/>
    <property name="os.arch" value="amd64"/>
    <property name="java.vm.specification.name" value="Java Virtual Machine Specification"/>
    <property name="sun.os.patch.level" value=""/>
    <property name="native.encoding" value="Cp1252"/>
    <property name="java.library.path" value="C:\Program Files\Java\jdk-21\bin;C:\WINDOWS\Sun\Java\bin;C:\WINDOWS\system32;C:\WINDOWS;C:\Program Files\Common Files\Oracle\Java\javapath;C:\WINDOWS\system32;C:\WINDOWS;C:\WINDOWS\System32\Wbem;C:\WINDOWS\System32\WindowsPowerShell\v1.0\;C:\WINDOWS\System32\OpenSSH\;C:\Program Files\Java\jdk-21\bin;C:\Program Files\Git\cmd;C:\Users\gopik\AppData\Local\Programs\Python\Python312;C:\Users\gopik\AppData\Local\Programs\Python\Python312\Scripts;C:\Program Files\nodejs\;C:\Program Files\Docker\Docker\resources\bin;C:\Program Files (x86)\NVIDIA Corporation\PhysX\Common;C:\Program Files\apache-maven-3.9.9\bin;C:\Program Files\NVIDIA Corporation\NVIDIA app\NvDLISR;C:\Program Files\MySQL\MySQL Server 8.0\bin;C:\Program Files\MySQL\MySQL Shell 8.3\bin\;C:\Users\gopik\AppData\Local\Programs\Python\Python312\Scripts\;C:\Users\gopik\AppData\Local\Programs\Python\Python312\;C:\Users\gopik\AppData\Local\Programs\Python\Launcher\;C:\Users\gopik\AppData\Local\Microsoft\WindowsApps;;C:\Program Files\JetBrains\IntelliJ IDEA Community Edition 2023.2.3\bin;;C:\Program Files\JetBrains\PyCharm 2023.3.2\bin;;C:\Program Files\JetBrains\PyCharm Community Edition 2023.3.2\bin;;C:\Users\gopik\AppData\Roaming\npm;C:\Users\gopik\AppData\Local\Programs\Microsoft VS Code\bin;."/>
    <property name="java.vm.info" value="mixed mode, sharing"/>
    <property name="stderr.encoding" value="Cp1252"/>
    <property name="java.vendor" value="Oracle Corporation"/>
    <property name="java.vm.version" value="21+35-LTS-2513"/>
    <property name="sun.io.unicode.encoding" value="UnicodeLittle"/>
    <property name="java.class.version" value="65.0"/>
  </properties>
  <testcase name="setup" classname="testCases.EndToEndTestCase" time="0.482">
    <failure message="&#10;Parameter &apos;os&apos; is required by BeforeClass on method setup but has not been marked @Optional or defined&#10;" type="org.testng.TestNGException"><![CDATA[org.testng.TestNGException: 

Parameter 'os' is required by BeforeClass on method setup but has not been marked @Optional or defined

	at org.testng.internal.Parameters.createParams(Parameters.java:264)
	at org.testng.internal.Parameters.createParametersForMethod(Parameters.java:352)
	at org.testng.internal.Parameters.createParameters(Parameters.java:690)
	at org.testng.internal.Parameters.createConfigurationParameters(Parameters.java:163)
	at org.testng.internal.invokers.ConfigInvoker.invokeConfigurations(ConfigInvoker.java:313)
	at org.testng.internal.invokers.TestMethodWorker.invokeBeforeClassMethods(TestMethodWorker.java:188)
	at org.testng.internal.invokers.TestMethodWorker.run(TestMethodWorker.java:128)
	at java.base/java.util.ArrayList.forEach(ArrayList.java:1596)
	at org.testng.TestRunner.privateRun(TestRunner.java:739)
	at org.testng.TestRunner.run(TestRunner.java:614)
	at org.testng.SuiteRunner.runTest(SuiteRunner.java:421)
	at org.testng.SuiteRunner.runSequentially(SuiteRunner.java:413)
	at org.testng.SuiteRunner.privateRun(SuiteRunner.java:373)
	at org.testng.SuiteRunner.run(SuiteRunner.java:312)
	at org.testng.SuiteRunnerWorker.runSuite(SuiteRunnerWorker.java:52)
	at org.testng.SuiteRunnerWorker.run(SuiteRunnerWorker.java:95)
	at org.testng.TestNG.runSuitesSequentially(TestNG.java:1274)
	at org.testng.TestNG.runSuitesLocally(TestNG.java:1208)
	at org.testng.TestNG.runSuites(TestNG.java:1112)
	at org.testng.TestNG.run(TestNG.java:1079)
	at org.apache.maven.surefire.testng.TestNGExecutor.run(TestNGExecutor.java:155)
	at org.apache.maven.surefire.testng.TestNGDirectoryTestSuite.executeSingleClass(TestNGDirectoryTestSuite.java:102)
	at org.apache.maven.surefire.testng.TestNGDirectoryTestSuite.execute(TestNGDirectoryTestSuite.java:91)
	at org.apache.maven.surefire.testng.TestNGProvider.invoke(TestNGProvider.java:137)
	at org.apache.maven.surefire.booter.ForkedBooter.runSuitesInProcess(ForkedBooter.java:385)
	at org.apache.maven.surefire.booter.ForkedBooter.execute(ForkedBooter.java:162)
	at org.apache.maven.surefire.booter.ForkedBooter.run(ForkedBooter.java:507)
	at org.apache.maven.surefire.booter.ForkedBooter.main(ForkedBooter.java:495)
]]></failure>
    <system-err><![CDATA[SLF4J: Failed to load class "org.slf4j.impl.StaticLoggerBinder".
SLF4J: Defaulting to no-operation (NOP) logger implementation
SLF4J: See http://www.slf4j.org/codes.html#StaticLoggerBinder for further details.
]]></system-err>
  </testcase>
  <testcase name="verifyE2EFuncionality" classname="testCases.EndToEndTestCase" time="0.0">
    <skipped message="&#10;Parameter &apos;os&apos; is required by BeforeClass on method setup but has not been marked @Optional or defined&#10;"/>
  </testcase>
  <testcase name="tearDown" classname="testCases.EndToEndTestCase" time="0.0">
    <skipped/>
  </testcase>
</testsuite>